TN:
SF:/Users/carlos/code/code4rena/testingProjects/Autonolas/lib/forge-std/lib/ds-test/src/test.sol
DA:1,0
DA:18,0
DA:38,0
DA:42,0
DA:47,0
DA:48,0
DA:49,0
DA:51,0
DA:52,0
DA:53,0
DA:54,0
DA:55,0
DA:56,0
DA:59,0
DA:61,0
DA:65,0
DA:66,0
DA:67,0
DA:68,0
DA:69,0
DA:70,0
DA:75,0
DA:81,0
DA:83,0
DA:157,0
DA:158,0
DA:159,0
DA:160,0
DA:161,0
DA:162,0
DA:165,0
DA:166,0
DA:167,0
DA:168,0
DA:293,0
DA:294,0
DA:295,0
DA:296,0
DA:297,0
DA:301,0
DA:302,0
DA:303,0
DA:304,0
end_of_record

SF:/Users/carlos/code/code4rena/testingProjects/Autonolas/lib/forge-std/src/Base.sol
DA:9,0
end_of_record

SF:/Users/carlos/code/code4rena/testingProjects/Autonolas/lib/forge-std/src/Script.sol
end_of_record

SF:/Users/carlos/code/code4rena/testingProjects/Autonolas/lib/forge-std/src/StdAssertions.sol
end_of_record

SF:/Users/carlos/code/code4rena/testingProjects/Autonolas/lib/forge-std/src/StdChains.sol
DA:66,0
end_of_record

SF:/Users/carlos/code/code4rena/testingProjects/Autonolas/lib/forge-std/src/StdCheats.sol
DA:647,0
DA:648,0
end_of_record

SF:/Users/carlos/code/code4rena/testingProjects/Autonolas/lib/forge-std/src/StdError.sol
DA:5,0
DA:6,0
DA:7,0
DA:8,0
DA:9,0
DA:10,0
DA:11,0
DA:12,0
DA:13,0
DA:14,0
end_of_record

SF:/Users/carlos/code/code4rena/testingProjects/Autonolas/lib/forge-std/src/StdInvariant.sol
DA:72,0
DA:73,0
DA:76,0
DA:77,0
DA:80,0
DA:81,0
DA:84,0
DA:85,0
DA:88,0
DA:89,0
DA:92,0
DA:93,0
DA:96,0
DA:97,0
DA:100,0
DA:101,0
DA:104,0
DA:105,0
end_of_record

SF:/Users/carlos/code/code4rena/testingProjects/Autonolas/lib/forge-std/src/StdJson.sol
DA:29,0
end_of_record

SF:/Users/carlos/code/code4rena/testingProjects/Autonolas/lib/forge-std/src/StdMath.sol
DA:4,0
end_of_record

SF:/Users/carlos/code/code4rena/testingProjects/Autonolas/lib/forge-std/src/StdStorage.sol
DA:16,0
DA:234,0
end_of_record

SF:/Users/carlos/code/code4rena/testingProjects/Autonolas/lib/forge-std/src/StdStyle.sol
DA:6,0
end_of_record

SF:/Users/carlos/code/code4rena/testingProjects/Autonolas/lib/forge-std/src/StdUtils.sol
end_of_record

SF:/Users/carlos/code/code4rena/testingProjects/Autonolas/lib/forge-std/src/Test.sol
end_of_record

SF:/Users/carlos/code/code4rena/testingProjects/Autonolas/lib/forge-std/src/Vm.sol
end_of_record

SF:/Users/carlos/code/code4rena/testingProjects/Autonolas/lib/forge-std/src/console.sol
DA:4,0
end_of_record

SF:/Users/carlos/code/code4rena/testingProjects/Autonolas/lib/forge-std/src/console2.sol
DA:9,0
end_of_record

SF:/Users/carlos/code/code4rena/testingProjects/Autonolas/lib/forge-std/src/interfaces/IMulticall3.sol
end_of_record

SF:/Users/carlos/code/code4rena/testingProjects/Autonolas/lib/forge-std/src/mocks/MockERC20.sol
DA:6,0
DA:19,0
DA:21,0
DA:23,0
DA:29,0
DA:31,0
DA:33,0
DA:43,0
DA:54,0
DA:55,0
DA:57,0
DA:58,0
DA:59,0
DA:61,0
DA:62,0
DA:64,0
DA:71,0
DA:72,0
DA:74,0
DA:76,0
DA:79,0
DA:80,0
DA:81,0
DA:83,0
DA:88,0
DA:89,0
DA:91,0
DA:93,0
DA:94,0
DA:96,0
DA:98,0
DA:105,0
DA:108,0
DA:109,0
DA:111,0
DA:112,0
DA:113,0
DA:115,0
DA:116,0
DA:117,0
DA:118,0
DA:121,0
DA:122,0
DA:123,0
DA:124,0
DA:135,0
DA:137,0
DA:139,0
DA:142,0
DA:143,0
DA:146,0
DA:147,0
DA:148,0
DA:149,0
DA:150,0
DA:151,0
DA:152,0
DA:153,0
DA:180,0
DA:181,0
DA:182,0
DA:186,0
DA:187,0
DA:188,0
DA:199,0
DA:202,0
DA:208,0
DA:209,0
DA:214,0
end_of_record

SF:/Users/carlos/code/code4rena/testingProjects/Autonolas/lib/forge-std/src/mocks/MockERC721.sol
DA:6,0
DA:21,0
DA:23,0
DA:25,0
DA:35,0
DA:36,0
DA:39,0
DA:40,0
DA:42,0
DA:49,0
DA:51,0
DA:62,0
DA:63,0
DA:65,0
DA:66,0
DA:68,0
DA:75,0
DA:76,0
DA:78,0
DA:80,0
DA:82,0
DA:85,0
DA:86,0
DA:88,0
DA:91,0
DA:92,0
DA:94,0
DA:96,0
DA:97,0
DA:102,0
DA:104,0
DA:106,0
DA:108,0
DA:110,0
DA:113,0
DA:114,0
DA:116,0
DA:117,0
DA:118,0
DA:119,0
DA:124,0
DA:125,0
DA:127,0
DA:128,0
DA:129,0
DA:130,0
DA:139,0
DA:140,0
DA:141,0
DA:142,0
DA:212,0
DA:215,0
end_of_record

SF:/Users/carlos/code/code4rena/testingProjects/Autonolas/lib/forge-std/src/safeconsole.sol
DA:6,0
end_of_record

SF:/Users/carlos/code/code4rena/testingProjects/Autonolas/lib/halmos-cheatcodes/src/SVM.sol
end_of_record

SF:/Users/carlos/code/code4rena/testingProjects/Autonolas/lib/halmos-cheatcodes/src/SymTest.sol
end_of_record

SF:/Users/carlos/code/code4rena/testingProjects/Autonolas/lib/openzeppelin-contracts/contracts/governance/utils/IVotes.sol
end_of_record

SF:/Users/carlos/code/code4rena/testingProjects/Autonolas/lib/openzeppelin-contracts/contracts/token/ERC20/IERC20.sol
end_of_record

SF:/Users/carlos/code/code4rena/testingProjects/Autonolas/lib/openzeppelin-contracts/contracts/utils/introspection/IERC165.sol
end_of_record

SF:/Users/carlos/code/code4rena/testingProjects/Autonolas/lib/solmate/src/tokens/ERC20.sol
DA:21,0
DA:23,0
DA:25,0
DA:31,0
DA:33,0
DA:35,0
DA:45,0
DA:51,0
DA:56,0
DA:57,0
DA:58,0
DA:60,0
DA:61,0
DA:68,0
DA:69,0
DA:71,0
DA:73,0
DA:76,0
DA:77,0
DA:82,0
DA:85,0
DA:90,0
DA:94,0
DA:95,0
DA:97,0
DA:99,0
DA:104,0
DA:107,0
DA:109,0
DA:116,0
DA:125,0
DA:130,0
DA:131,0
DA:132,0
DA:134,0
DA:135,0
DA:136,0
DA:137,0
DA:143,0
DA:154,0
DA:156,0
DA:159,0
DA:162,0
DA:163,0
DA:166,0
DA:167,0
DA:168,0
DA:169,0
DA:170,0
DA:171,0
DA:172,0
DA:173,0
DA:174,0
DA:183,0
DA:184,0
DA:189,0
DA:192,0
DA:195,0
DA:196,0
DA:201,0
DA:204,0
end_of_record

SF:/Users/carlos/code/code4rena/testingProjects/Autonolas/src/Echidna/EchidnaOLAS.sol
DA:7,0
DA:8,0
DA:9,0
DA:10,0
DA:11,0
DA:14,0
DA:17,0
DA:18,0
DA:22,0
DA:23,0
DA:27,0
DA:28,0
DA:32,0
DA:33,0
DA:37,0
DA:38,0
DA:42,0
DA:43,0
DA:47,0
DA:51,0
DA:54,0
DA:55,0
DA:56,0
DA:57,0
DA:62,0
end_of_record

SF:/Users/carlos/code/code4rena/testingProjects/Autonolas/src/Echidna/EchidnaOLASAssert.sol
DA:6,0
DA:9,0
DA:11,0
DA:12,0
DA:16,0
DA:17,0
DA:21,0
DA:22,0
DA:26,0
DA:27,0
DA:31,0
DA:32,0
DA:36,0
DA:37,0
DA:41,0
DA:43,0
DA:44,0
DA:47,0
DA:48,0
DA:49,0
DA:50,0
DA:55,0
DA:61,0
DA:62,0
DA:64,0
DA:70,0
DA:72,0
DA:75,0
DA:79,0
DA:80,0
end_of_record

SF:/Users/carlos/code/code4rena/testingProjects/Autonolas/src/Echidna/EchidnaVeOLASAssert.sol
DA:6,89
DA:10,0
DA:11,0
DA:15,5
DA:17,7
DA:18,20
DA:19,86
DA:25,9
DA:27,7
DA:28,23
DA:29,88
DA:30,80
DA:35,5
DA:36,1
DA:37,7
DA:38,24
DA:39,86
DA:40,9
DA:42,70
DA:46,5
DA:47,7
DA:48,25
DA:50,89
DA:53,91
DA:57,10
DA:60,6
DA:66,8
DA:67,9
DA:68,3
DA:71,0
DA:72,0
DA:82,11
DA:84,54
DA:87,0
DA:94,11
DA:96,68
DA:99,54
DA:102,0
DA:105,0
DA:109,11
DA:111,68
DA:114,55
DA:117,0
DA:120,0
DA:129,11
DA:131,48
DA:134,0
DA:137,0
DA:139,0
DA:143,11
DA:144,46
DA:145,0
DA:153,11
DA:154,48
DA:157,0
DA:167,11
DA:168,5
DA:170,0
DA:171,0
DA:183,13
DA:184,8
DA:186,62
DA:188,46
DA:191,0
DA:194,0
DA:202,5
DA:203,29
DA:204,21
DA:206,29
DA:208,1
DA:211,4
DA:212,28
end_of_record

SF:/Users/carlos/code/code4rena/testingProjects/Autonolas/src/Foundry/OLASTest.t.sol
DA:7,0
DA:8,0
DA:10,0
DA:11,0
DA:20,0
DA:21,0
DA:24,0
DA:26,0
DA:27,0
DA:29,0
DA:33,0
DA:34,0
DA:35,0
DA:38,0
DA:39,0
DA:45,0
DA:46,0
DA:49,0
DA:50,0
DA:53,0
DA:54,0
DA:55,0
DA:58,0
DA:59,0
DA:60,0
DA:64,0
DA:65,0
DA:66,0
DA:67,0
DA:70,0
end_of_record

SF:/Users/carlos/code/code4rena/testingProjects/Autonolas/src/Foundry/veOLASTest.t.sol
DA:9,0
DA:10,0
DA:11,0
DA:13,0
DA:14,0
DA:15,0
DA:17,0
DA:18,0
DA:19,0
DA:20,0
DA:21,0
DA:24,0
DA:25,0
DA:28,0
DA:29,0
DA:31,0
DA:32,0
DA:33,0
DA:34,0
DA:35,0
DA:36,0
DA:40,0
DA:41,0
DA:51,0
DA:53,0
DA:55,0
DA:56,0
DA:59,0
DA:60,0
DA:61,0
DA:64,0
DA:67,0
DA:69,0
DA:70,0
DA:71,0
DA:74,0
DA:75,0
DA:76,0
DA:77,0
DA:78,0
DA:80,0
DA:83,0
DA:84,0
DA:85,0
DA:86,0
DA:87,0
DA:146,0
DA:148,0
DA:150,0
DA:151,0
DA:152,0
DA:153,0
DA:155,0
DA:156,0
DA:158,0
DA:159,0
DA:161,0
DA:164,0
DA:165,0
DA:168,0
DA:169,0
DA:172,0
DA:174,0
DA:251,0
DA:252,0
DA:253,0
DA:255,0
DA:256,0
DA:258,0
DA:259,0
DA:260,0
DA:262,0
DA:264,0
DA:265,0
DA:267,0
DA:270,0
DA:272,0
DA:274,0
DA:275,0
DA:281,0
DA:282,0
DA:283,0
DA:287,0
DA:288,0
DA:289,0
DA:290,0
end_of_record

SF:/Users/carlos/code/code4rena/testingProjects/Autonolas/src/Halmos/HalmosOLAS.t.sol
DA:9,0
DA:12,0
DA:13,0
DA:15,0
DA:16,0
DA:17,0
DA:18,0
DA:19,0
DA:20,0
DA:23,0
DA:24,0
DA:25,0
DA:26,0
DA:28,0
DA:29,0
DA:30,0
DA:31,0
DA:32,0
DA:33,0
DA:34,0
DA:35,0
DA:36,0
DA:37,0
DA:42,0
DA:43,0
DA:44,0
DA:47,0
DA:48,0
DA:51,0
DA:52,0
DA:60,0
DA:61,0
DA:62,0
DA:65,0
DA:66,0
end_of_record

SF:/Users/carlos/code/code4rena/testingProjects/Autonolas/src/Halmos/HalmosveOLAS.sol
DA:10,0
DA:13,0
DA:14,0
DA:16,0
DA:17,0
DA:18,0
DA:20,0
DA:21,0
DA:22,0
DA:24,0
DA:25,0
DA:26,0
DA:29,0
DA:30,0
DA:31,0
DA:32,0
DA:34,0
DA:35,0
DA:36,0
DA:37,0
DA:38,0
DA:39,0
DA:40,0
DA:41,0
DA:42,0
DA:43,0
DA:48,0
DA:49,0
DA:50,0
end_of_record

SF:/Users/carlos/code/code4rena/testingProjects/Autonolas/src/Halmos/OLASERC20Test.sol
DA:24,0
DA:26,0
DA:29,0
DA:31,0
DA:34,0
DA:35,0
DA:36,0
DA:38,0
DA:41,0
DA:42,0
DA:50,0
DA:52,0
DA:53,0
DA:56,0
DA:57,0
DA:58,0
DA:60,0
DA:61,0
DA:63,0
DA:64,0
DA:65,0
DA:66,0
DA:67,0
DA:70,0
DA:71,0
DA:74,0
DA:77,0
DA:78,0
DA:79,0
DA:81,0
DA:82,0
DA:83,0
DA:85,0
DA:87,0
DA:88,0
DA:90,0
DA:91,0
DA:92,0
DA:93,0
DA:94,0
DA:96,0
DA:97,0
DA:99,0
DA:100,0
DA:102,0
DA:111,0
DA:113,0
DA:116,0
DA:118,0
DA:121,0
DA:124,0
DA:125,0
DA:127,0
DA:128,0
DA:129,0
DA:133,0
DA:134,0
DA:141,0
DA:142,0
DA:143,0
DA:144,0
DA:145,0
end_of_record

SF:/Users/carlos/code/code4rena/testingProjects/Autonolas/src/Halmos/veERC20Test.sol
DA:14,0
DA:27,0
DA:29,0
DA:32,0
DA:34,0
DA:37,0
DA:38,0
DA:39,0
DA:41,0
DA:44,0
DA:45,0
end_of_record

SF:/Users/carlos/code/code4rena/testingProjects/Autonolas/src/IErrors.sol
end_of_record

SF:/Users/carlos/code/code4rena/testingProjects/Autonolas/src/Interfaces/IERCOLAS.sol
end_of_record

SF:/Users/carlos/code/code4rena/testingProjects/Autonolas/src/Interfaces/IERCveOLAS.sol
end_of_record

SF:/Users/carlos/code/code4rena/testingProjects/Autonolas/src/OLAS.sol
DA:19,0
DA:24,0
DA:26,0
DA:28,0
DA:30,0
DA:33,0
DA:35,0
DA:37,0
DA:38,0
DA:39,0
DA:40,0
DA:45,0
DA:46,0
DA:47,0
DA:50,0
DA:51,0
DA:54,0
DA:55,0
DA:60,0
DA:61,0
DA:62,0
DA:65,0
DA:66,0
DA:69,0
DA:70,0
DA:77,0
DA:79,0
DA:80,0
DA:84,0
DA:85,0
DA:93,0
DA:94,0
DA:95,0
DA:100,0
DA:101,0
DA:103,0
DA:107,0
DA:109,0
DA:110,0
DA:111,0
DA:115,0
DA:120,0
DA:121,0
DA:130,0
DA:131,0
DA:133,0
DA:134,0
DA:139,0
DA:147,0
DA:148,0
DA:150,0
DA:151,0
DA:152,0
DA:154,0
end_of_record

SF:/Users/carlos/code/code4rena/testingProjects/Autonolas/src/veOLAS.sol
DA:87,135
DA:100,5
DA:102,7
DA:104,2
DA:106,0
DA:109,0
DA:111,4
DA:113,32
DA:116,0
DA:118,0
DA:120,0
DA:122,0
DA:125,0
DA:127,0
DA:133,0
DA:135,0
DA:136,0
DA:137,0
DA:140,0
DA:146,0
DA:147,0
DA:148,0
DA:149,0
DA:156,0
DA:157,0
DA:165,0
DA:166,0
DA:174,6
DA:179,9
DA:180,4
DA:181,4
DA:182,4
DA:184,2
DA:186,5
DA:189,16
DA:190,0
DA:191,0
DA:193,21
DA:194,17
DA:195,25
DA:201,25
DA:202,8
DA:203,15
DA:204,0
DA:206,21
DA:211,4
DA:212,6
DA:213,0
DA:216,41
DA:218,6
DA:223,8
DA:226,0
DA:232,14
DA:233,9
DA:238,4
DA:240,1
DA:241,10
DA:242,3
DA:244,0
DA:246,33
DA:247,22
DA:248,11
DA:250,0
DA:252,12
DA:254,0
DA:256,5
DA:257,10
DA:259,40
DA:260,10
DA:264,6
DA:266,7
DA:267,6
DA:268,6
DA:269,2
DA:271,0
DA:276,4
DA:279,5
DA:281,30
DA:282,28
DA:283,13
DA:284,0
DA:286,12
DA:287,0
DA:292,86
DA:294,6
DA:298,11
DA:300,0
DA:301,0
DA:302,0
DA:304,0
DA:307,28
DA:308,10
DA:309,26
DA:313,13
DA:314,13
DA:315,16
DA:316,177
DA:321,0
DA:322,0
DA:331,1
DA:337,0
DA:338,5
DA:342,3
DA:343,3
DA:347,17
DA:351,7
DA:353,5
DA:354,6
DA:356,40
DA:362,6
DA:363,4
DA:365,58
DA:368,0
DA:369,0
DA:377,11
DA:378,39
DA:380,6
DA:381,13
DA:384,7
DA:385,8
DA:388,0
DA:389,0
DA:393,0
DA:394,0
DA:397,0
DA:403,11
DA:404,6
DA:412,11
DA:414,5
DA:415,13
DA:418,6
DA:426,1
DA:428,6
DA:429,13
DA:434,12
DA:436,41
DA:438,4
DA:439,0
DA:442,12
DA:443,9
DA:446,11
DA:447,5
DA:450,6
DA:451,8
DA:454,8
DA:459,11
DA:460,38
DA:462,6
DA:463,13
DA:466,7
DA:467,9
DA:470,0
DA:471,0
DA:475,0
DA:476,0
DA:479,0
DA:484,0
DA:485,0
DA:488,0
DA:491,0
DA:492,0
DA:495,0
DA:496,0
DA:499,0
DA:500,0
DA:503,0
DA:504,9
DA:507,0
DA:511,0
DA:512,0
DA:513,0
DA:514,0
DA:516,0
DA:518,0
DA:519,0
DA:523,0
DA:524,0
DA:529,0
DA:531,0
DA:532,0
DA:535,0
DA:543,0
DA:544,0
DA:545,0
DA:548,0
DA:549,0
DA:551,0
DA:552,0
DA:553,0
DA:557,0
DA:562,0
DA:563,0
DA:564,0
DA:566,0
DA:569,0
DA:570,0
DA:572,0
DA:575,0
DA:576,0
DA:578,0
DA:583,0
DA:584,0
DA:586,0
DA:594,12
DA:595,12
DA:596,4
DA:597,0
DA:598,0
DA:599,0
DA:600,0
DA:608,0
DA:609,0
DA:615,0
DA:616,0
DA:623,6
DA:625,0
DA:627,1
DA:628,0
DA:634,0
DA:635,0
DA:644,0
DA:646,0
DA:647,0
DA:650,0
DA:651,0
DA:653,0
DA:655,0
DA:656,0
DA:657,0
DA:658,0
DA:660,0
DA:661,0
DA:663,0
DA:664,0
DA:665,0
DA:673,7
DA:675,0
DA:678,0
DA:681,0
DA:682,1
DA:683,0
DA:691,0
DA:693,0
DA:694,0
DA:697,0
DA:699,0
DA:700,0
DA:701,0
DA:703,0
DA:705,0
DA:706,0
DA:707,0
DA:709,0
DA:710,0
DA:713,0
DA:714,0
DA:720,4
DA:721,1
DA:727,0
DA:729,0
DA:731,0
DA:732,0
DA:739,2
DA:740,0
DA:741,2
DA:746,0
DA:747,0
DA:753,0
DA:754,0
DA:756,0
DA:762,10
DA:763,2
DA:764,0
DA:773,0
DA:774,8
DA:778,0
DA:783,0
DA:789,0
DA:791,0
DA:795,0
DA:797,0
DA:801,0
end_of_record

